Start testing: Mar 16 21:03 Mountain Daylight Time
----------------------------------------------------------
1/2 Testing: MemlockTest.LockMemory
1/2 Test: MemlockTest.LockMemory
Command: "C:/Users/bryan/Dev/carrot-win/memlock/build/tests/Debug/memlock_test.exe" "--gtest_filter=MemlockTest.LockMemory" "--gtest_also_run_disabled_tests"
Directory: C:/Users/bryan/Dev/carrot-win/memlock/build/tests
"MemlockTest.LockMemory" start time: Mar 16 21:03 Mountain Daylight Time
Output:
----------------------------------------------------------
Running main() from C:\Users\bryan\Dev\carrot-win\memlock\build\_deps\googletest-src\googletest\src\gtest_main.cc
Note: Google Test filter = MemlockTest.LockMemory
[==========] Running 1 test from 1 test suite.
[----------] Global test environment set-up.
[----------] 1 test from MemlockTest
[ RUN      ] MemlockTest.LockMemory
[       OK ] MemlockTest.LockMemory (0 ms)
[----------] 1 test from MemlockTest (0 ms total)

[----------] Global test environment tear-down
[==========] 1 test from 1 test suite ran. (0 ms total)
[  PASSED  ] 1 test.
<end of output>
Test time =   0.01 sec
----------------------------------------------------------
Test Passed.
"MemlockTest.LockMemory" end time: Mar 16 21:03 Mountain Daylight Time
"MemlockTest.LockMemory" time elapsed: 00:00:00
----------------------------------------------------------

2/2 Testing: MemlockTest.RAII_Lock
2/2 Test: MemlockTest.RAII_Lock
Command: "C:/Users/bryan/Dev/carrot-win/memlock/build/tests/Debug/memlock_test.exe" "--gtest_filter=MemlockTest.RAII_Lock" "--gtest_also_run_disabled_tests"
Directory: C:/Users/bryan/Dev/carrot-win/memlock/build/tests
"MemlockTest.RAII_Lock" start time: Mar 16 21:03 Mountain Daylight Time
Output:
----------------------------------------------------------
Running main() from C:\Users\bryan\Dev\carrot-win\memlock\build\_deps\googletest-src\googletest\src\gtest_main.cc
Note: Google Test filter = MemlockTest.RAII_Lock
[==========] Running 1 test from 1 test suite.
[----------] Global test environment set-up.
[----------] 1 test from MemlockTest
[ RUN      ] MemlockTest.RAII_Lock
[       OK ] MemlockTest.RAII_Lock (0 ms)
[----------] 1 test from MemlockTest (0 ms total)

[----------] Global test environment tear-down
[==========] 1 test from 1 test suite ran. (0 ms total)
[  PASSED  ] 1 test.
<end of output>
Test time =   0.01 sec
----------------------------------------------------------
Test Passed.
"MemlockTest.RAII_Lock" end time: Mar 16 21:03 Mountain Daylight Time
"MemlockTest.RAII_Lock" time elapsed: 00:00:00
----------------------------------------------------------

End testing: Mar 16 21:03 Mountain Daylight Time
